<?xml version="1.0" encoding="UTF-8"?>
<!-- Generated by org.testng.reporters.JUnitReportReporter -->
<testsuite skipped="0" hostname="LAPTOP-MJBTG76S" name="mavenFramworkCommandPrompt.mavenFramworkCommandPrompt.SheetalTest2" tests="2" failures="0" timestamp="20 Jun 2020 10:23:40 GMT" time="0.003" errors="0">
  <testcase name="testThree" time="0.002" classname="mavenFramworkCommandPrompt.mavenFramworkCommandPrompt.SheetalTest2"/>
  <testcase name="testFour" time="0.001" classname="mavenFramworkCommandPrompt.mavenFramworkCommandPrompt.SheetalTest2"/>
</testsuite> <!-- mavenFramworkCommandPrompt.mavenFramworkCommandPrompt.SheetalTest2 -->
