<?xml version="1.0" encoding="UTF-8"?>
<!-- Generated by org.testng.reporters.JUnitReportReporter -->
<testsuite skipped="0" hostname="LAPTOP-MJBTG76S" name="mavenFramworkCommandPrompt.mavenFramworkCommandPrompt.SheetalTest3" tests="2" failures="0" timestamp="20 Jun 2020 10:23:27 GMT" time="0.004" errors="0">
  <testcase name="testSix" time="0.002" classname="mavenFramworkCommandPrompt.mavenFramworkCommandPrompt.SheetalTest3"/>
  <testcase name="testFive" time="0.002" classname="mavenFramworkCommandPrompt.mavenFramworkCommandPrompt.SheetalTest3"/>
</testsuite> <!-- mavenFramworkCommandPrompt.mavenFramworkCommandPrompt.SheetalTest3 -->
